<?xml version="1.0" encoding="UTF-8"?>
<testsuite xmlns:xsi="http://www.w3.org/2001/XMLSchema-instance" xsi:noNamespaceSchemaLocation="https://maven.apache.org/surefire/maven-surefire-plugin/xsd/surefire-test-report.xsd" name="com.LogInYandexTest" time="29.015" tests="4" errors="0" skipped="0" failures="0">
  <properties>
[...]
</properties>
  <testcase name="logInByClickingEnterToAccountButtonTest" classname="com.LogInYandexTest" time="2.723"/>
  <testcase name="logInByClickingEnterButtonOnRegistrationPageTest" classname="com.LogInYandexTest" time="5.095"/>
  <testcase name="logInByClickingEnterButtonOnForgotPasswordPageTest" classname="com.LogInYandexTest" time="5.173"/>
  <testcase name="logInByClickingPersonalAccountButtonTest" classname="com.LogInYandexTest" time="16.02"/>
</testsuite>